<?xml version="1.0" encoding="UTF-8"?>
<!-- Generated by org.testng.reporters.JUnitXMLReporter -->
<testsuite hostname="USBLRMAKZARAK1" ignored="0" name="Tests2" tests="6" failures="1" timestamp="2021-09-16T13:13:45 IST" time="34.115" errors="0">
  <testcase name="homePageTest" time="3.255" classname="testing.LoginTest"/>
  <testcase name="empty_email_and_password_login_Test" time="6.622" classname="testing.LoginTest"/>
  <testcase name="invalid_email_and_valid_password_login_Test" time="0.502" classname="testing.LoginTest">
    <failure type="java.lang.AssertionError" message="expected [Invalid email] but found [Email Not Registered with Us]">
      <![CDATA[java.lang.AssertionError: expected [Invalid email] but found [Email Not Registered with Us]
at pages.UserLogin.validate_message(UserLogin.java:47)
at testing.LoginTest.invalid_email_and_valid_password_login_Test(LoginTest.java:46)
at java.util.ArrayList.forEach(ArrayList.java:1259)
at java.util.concurrent.FutureTask.run(FutureTask.java:266)
at java.util.concurrent.ThreadPoolExecutor.runWorker(ThreadPoolExecutor.java:1149)
at java.util.concurrent.ThreadPoolExecutor$Worker.run(ThreadPoolExecutor.java:624)
at java.lang.Thread.run(Thread.java:748)
... Removed 24 stack frames]]>
    </failure>
  </testcase> <!-- invalid_email_and_valid_password_login_Test -->
  <testcase name="unregistered_email_and_password_login_Test" time="6.533" classname="testing.LoginTest"/>
  <testcase name="valid_email_and_invalid_password_login_Test" time="6.415" classname="testing.LoginTest"/>
  <testcase name="valid_email_and_valid_password_login_Test" time="6.457" classname="testing.LoginTest"/>
</testsuite> <!-- Tests2 -->
