<?xml version="1.0" encoding="UTF-8"?>
<!-- Generated by org.testng.reporters.JUnitXMLReporter -->
<testsuite ignored="0" hostname="USBLRSAURASAHU1" failures="0" tests="4" name="Moisturizer Test" time="31.917" errors="0" timestamp="2021-08-23T15:37:57 IST">
  <testcase classname="Test.MoisturizerTests" name="home_function" time="4.573"/>
  <testcase classname="Test.MoisturizerTests" name="add_product_function" time="8.107"/>
  <testcase classname="Test.MoisturizerTests" name="checkout_function" time="2.341"/>
  <testcase classname="Test.MoisturizerTests" name="confirm_function" time="6.301"/>
</testsuite> <!-- Moisturizer Test -->
