<?xml version="1.0" encoding="UTF-8"?>
<!-- Generated by org.testng.reporters.JUnitXMLReporter -->
<testsuite ignored="0" hostname="USBLRSAURASAHU1" failures="0" tests="4" name="Sunscreen test" time="32.057" errors="0" timestamp="2021-08-23T15:37:57 IST">
  <testcase classname="Test.SunscreenTests" name="home_function" time="5.312"/>
  <testcase classname="Test.SunscreenTests" name="add_product_function" time="7.551"/>
  <testcase classname="Test.SunscreenTests" name="checkout_function" time="2.348"/>
  <testcase classname="Test.SunscreenTests" name="confirm_function" time="6.28"/>
</testsuite> <!-- Sunscreen test -->
