{
  "stats": {
    "suites": 2,
    "tests": 9,
    "passes": 9,
    "pending": 0,
    "failures": 0,
    "start": "2021-09-01T13:12:19.710Z",
    "end": "2021-09-01T13:12:43.077Z",
    "duration": 12113,
    "testsRegistered": 9,
    "passPercent": 100,
    "pendingPercent": 0,
    "other": 0,
    "hasOther": false,
    "skipped": 0,
    "hasSkipped": false
  },
  "results": [
    {
      "uuid": "d2a7e197-e0db-45cd-af7e-d7330721daa2",
      "title": "",
      "fullFile": "cypress/integration/Login_spec.js",
      "file": "cypress/integration/Login_spec.js",
      "beforeHooks": [],
      "afterHooks": [],
      "tests": [],
      "suites": [
        {
          "uuid": "d4101072-538c-4400-99d5-e041cd8556a3",
          "title": "Test Swag labs Login",
          "fullFile": "",
          "file": "",
          "beforeHooks": [],
          "afterHooks": [],
          "tests": [
            {
              "title": "VERIFY url and login",
              "fullTitle": "Test Swag labs Login VERIFY url and login",
              "timedOut": null,
              "duration": 2867,
              "state": "passed",
              "speed": "slow",
              "pass": true,
              "fail": false,
              "pending": false,
              "context": null,
              "code": "cy.visit('https://www.saucedemo.com/');\ncy.url().should('eq', 'https://www.saucedemo.com/');\ncy.get('input[id=\"login-button\"]').click();\ncy.get('div[class*=\"error\"] > h3').should('contains.text', 'Epic sadface: Username is required');",
              "err": {},
              "uuid": "79da233d-c29e-4a15-87d2-b06d32ccaea9",
              "parentUUID": "d4101072-538c-4400-99d5-e041cd8556a3",
              "isHook": false,
              "skipped": false
            },
            {
              "title": "VERIFY login without password ",
              "fullTitle": "Test Swag labs Login VERIFY login without password ",
              "timedOut": null,
              "duration": 736,
              "state": "passed",
              "speed": "slow",
              "pass": true,
              "fail": false,
              "pending": false,
              "context": null,
              "code": "cy.visit('https://www.saucedemo.com/');\ncy.get('#user-name').type('standard_user');\ncy.get('input[id=\"login-button\"]').click();\ncy.get('div[class*=\"error\"] > h3').should('contains.text', 'Epic sadface: Password is required');",
              "err": {},
              "uuid": "f2b61f4e-5d3a-49aa-8f32-92c0215256ac",
              "parentUUID": "d4101072-538c-4400-99d5-e041cd8556a3",
              "isHook": false,
              "skipped": false
            },
            {
              "title": "VERIFY Homepage ",
              "fullTitle": "Test Swag labs Login VERIFY Homepage ",
              "timedOut": null,
              "duration": 994,
              "state": "passed",
              "speed": "slow",
              "pass": true,
              "fail": false,
              "pending": false,
              "context": null,
              "code": "cy.visit('https://www.saucedemo.com/');\ncy.get('#user-name').type(\"standard_user\");\ncy.get('#password').type(\"secret_sauce\");\ncy.get('input[id=\"login-button\"]').click(); // validate total 6 items in inventory \ncy.url().should('eq', 'https://www.saucedemo.com/inventory.html');",
              "err": {},
              "uuid": "2b810e0f-7e56-4412-8880-e4c6a6b9460d",
              "parentUUID": "d4101072-538c-4400-99d5-e041cd8556a3",
              "isHook": false,
              "skipped": false
            }
          ],
          "suites": [],
          "passes": [
            "79da233d-c29e-4a15-87d2-b06d32ccaea9",
            "f2b61f4e-5d3a-49aa-8f32-92c0215256ac",
            "2b810e0f-7e56-4412-8880-e4c6a6b9460d"
          ],
          "failures": [],
          "pending": [],
          "skipped": [],
          "duration": 4597,
          "root": false,
          "rootEmpty": false,
          "_timeout": 2000
        }
      ],
      "passes": [],
      "failures": [],
      "pending": [],
      "skipped": [],
      "duration": 0,
      "root": true,
      "rootEmpty": true,
      "_timeout": 2000
    },
    {
      "uuid": "1f733872-b9ce-4772-93e2-1113cdac8a1d",
      "title": "",
      "fullFile": "cypress/integration/1-getting-started/todo.spec.js",
      "file": "cypress/integration/1-getting-started/todo.spec.js",
      "beforeHooks": [],
      "afterHooks": [],
      "tests": [],
      "suites": [
        {
          "uuid": "c8601204-1440-474c-8a26-3de260f4099f",
          "title": "example to-do app",
          "fullFile": "",
          "file": "",
          "beforeHooks": [],
          "afterHooks": [],
          "tests": [
            {
              "title": "displays two todo items by default",
              "fullTitle": "example to-do app displays two todo items by default",
              "timedOut": null,
              "duration": 4091,
              "state": "passed",
              "speed": "slow",
              "pass": true,
              "fail": false,
              "pending": false,
              "context": null,
              "code": "// We use the `cy.get()` command to get all elements that match the selector.\n// Then, we use `should` to assert that there are two matched items,\n// which are the two default items.\ncy.get('.todo-list li').should('have.length', 2); // We can go even further and check that the default todos each contain\n// the correct text. We use the `first` and `last` functions\n// to get just the first and last matched elements individually,\n// and then perform an assertion with `should`.\ncy.get('.todo-list li').first().should('have.text', 'Pay electric bill');\ncy.get('.todo-list li').last().should('have.text', 'Walk the dog');",
              "err": {},
              "uuid": "baa6830d-ccef-49e2-956e-e9de8fa571e0",
              "parentUUID": "c8601204-1440-474c-8a26-3de260f4099f",
              "isHook": false,
              "skipped": false
            },
            {
              "title": "can add new todo items",
              "fullTitle": "example to-do app can add new todo items",
              "timedOut": null,
              "duration": 711,
              "state": "passed",
              "speed": "slow",
              "pass": true,
              "fail": false,
              "pending": false,
              "context": null,
              "code": "// We'll store our item text in a variable so we can reuse it\nconst newItem = 'Feed the cat'; // Let's get the input element and use the `type` command to\n// input our new list item. After typing the content of our item,\n// we need to type the enter key as well in order to submit the input.\n// This input has a data-test attribute so we'll use that to select the\n// element in accordance with best practices:\n// https://on.cypress.io/selecting-elements\ncy.get('[data-test=new-todo]').type(`${newItem}{enter}`); // Now that we've typed our new item, let's check that it actually was added to the list.\n// Since it's the newest item, it should exist as the last element in the list.\n// In addition, with the two default items, we should have a total of 3 elements in the list.\n// Since assertions yield the element that was asserted on,\n// we can chain both of these assertions together into a single statement.\ncy.get('.todo-list li').should('have.length', 3).last().should('have.text', newItem);",
              "err": {},
              "uuid": "ba928e95-d2cb-445f-90c3-6f6613361b1e",
              "parentUUID": "c8601204-1440-474c-8a26-3de260f4099f",
              "isHook": false,
              "skipped": false
            },
            {
              "title": "can check off an item as completed",
              "fullTitle": "example to-do app can check off an item as completed",
              "timedOut": null,
              "duration": 318,
              "state": "passed",
              "speed": "slow",
              "pass": true,
              "fail": false,
              "pending": false,
              "context": null,
              "code": "// In addition to using the `get` command to get an element by selector,\n// we can also use the `contains` command to get an element by its contents.\n// However, this will yield the <label>, which is lowest-level element that contains the text.\n// In order to check the item, we'll find the <input> element for this <label>\n// by traversing up the dom to the parent element. From there, we can `find`\n// the child checkbox <input> element and use the `check` command to check it.\ncy.contains('Pay electric bill').parent().find('input[type=checkbox]').check(); // Now that we've checked the button, we can go ahead and make sure\n// that the list element is now marked as completed.\n// Again we'll use `contains` to find the <label> element and then use the `parents` command\n// to traverse multiple levels up the dom until we find the corresponding <li> element.\n// Once we get that element, we can assert that it has the completed class.\ncy.contains('Pay electric bill').parents('li').should('have.class', 'completed');",
              "err": {},
              "uuid": "bca82ba5-d075-4c6c-97a7-a4c2241a3d74",
              "parentUUID": "c8601204-1440-474c-8a26-3de260f4099f",
              "isHook": false,
              "skipped": false
            }
          ],
          "suites": [
            {
              "uuid": "47b4cf7d-5b6e-47b0-a793-bdf5829525b9",
              "title": "with a checked task",
              "fullFile": "",
              "file": "",
              "beforeHooks": [],
              "afterHooks": [],
              "tests": [
                {
                  "title": "can filter for uncompleted tasks",
                  "fullTitle": "example to-do app with a checked task can filter for uncompleted tasks",
                  "timedOut": null,
                  "duration": 459,
                  "state": "passed",
                  "speed": "slow",
                  "pass": true,
                  "fail": false,
                  "pending": false,
                  "context": null,
                  "code": "// We'll click on the \"active\" button in order to\n// display only incomplete items\ncy.contains('Active').click(); // After filtering, we can assert that there is only the one\n// incomplete item in the list.\ncy.get('.todo-list li').should('have.length', 1).first().should('have.text', 'Walk the dog'); // For good measure, let's also assert that the task we checked off\n// does not exist on the page.\ncy.contains('Pay electric bill').should('not.exist');",
                  "err": {},
                  "uuid": "4310de3b-7cc9-4fef-ac22-a76736f98813",
                  "parentUUID": "47b4cf7d-5b6e-47b0-a793-bdf5829525b9",
                  "isHook": false,
                  "skipped": false
                },
                {
                  "title": "can filter for completed tasks",
                  "fullTitle": "example to-do app with a checked task can filter for completed tasks",
                  "timedOut": null,
                  "duration": 1405,
                  "state": "passed",
                  "speed": "slow",
                  "pass": true,
                  "fail": false,
                  "pending": false,
                  "context": null,
                  "code": "// We can perform similar steps as the test above to ensure\n// that only completed tasks are shown\ncy.contains('Completed').click();\ncy.get('.todo-list li').should('have.length', 1).first().should('have.text', 'Pay electric bill');\ncy.contains('Walk the dog').should('not.exist');",
                  "err": {},
                  "uuid": "a466e1ea-6d79-4a89-afa6-6b8165070245",
                  "parentUUID": "47b4cf7d-5b6e-47b0-a793-bdf5829525b9",
                  "isHook": false,
                  "skipped": false
                },
                {
                  "title": "can delete all completed tasks",
                  "fullTitle": "example to-do app with a checked task can delete all completed tasks",
                  "timedOut": null,
                  "duration": 532,
                  "state": "passed",
                  "speed": "slow",
                  "pass": true,
                  "fail": false,
                  "pending": false,
                  "context": null,
                  "code": "// First, let's click the \"Clear completed\" button\n// `contains` is actually serving two purposes here.\n// First, it's ensuring that the button exists within the dom.\n// This button only appears when at least one task is checked\n// so this command is implicitly verifying that it does exist.\n// Second, it selects the button so we can click it.\ncy.contains('Clear completed').click(); // Then we can make sure that there is only one element\n// in the list and our element does not exist\ncy.get('.todo-list li').should('have.length', 1).should('not.have.text', 'Pay electric bill'); // Finally, make sure that the clear button no longer exists.\ncy.contains('Clear completed').should('not.exist');",
                  "err": {},
                  "uuid": "288a8eae-849c-4388-8b4b-75e9a79618e2",
                  "parentUUID": "47b4cf7d-5b6e-47b0-a793-bdf5829525b9",
                  "isHook": false,
                  "skipped": false
                }
              ],
              "suites": [],
              "passes": [
                "4310de3b-7cc9-4fef-ac22-a76736f98813",
                "a466e1ea-6d79-4a89-afa6-6b8165070245",
                "288a8eae-849c-4388-8b4b-75e9a79618e2"
              ],
              "failures": [],
              "pending": [],
              "skipped": [],
              "duration": 2396,
              "root": false,
              "rootEmpty": false,
              "_timeout": 2000
            }
          ],
          "passes": [
            "baa6830d-ccef-49e2-956e-e9de8fa571e0",
            "ba928e95-d2cb-445f-90c3-6f6613361b1e",
            "bca82ba5-d075-4c6c-97a7-a4c2241a3d74"
          ],
          "failures": [],
          "pending": [],
          "skipped": [],
          "duration": 5120,
          "root": false,
          "rootEmpty": false,
          "_timeout": 2000
        }
      ],
      "passes": [],
      "failures": [],
      "pending": [],
      "skipped": [],
      "duration": 0,
      "root": true,
      "rootEmpty": true,
      "_timeout": 2000
    }
  ],
  "meta": {
    "mocha": {
      "version": "7.0.1"
    },
    "mochawesome": {
      "options": {
        "quiet": false,
        "reportFilename": "mochawesome",
        "saveHtml": false,
        "saveJson": true,
        "consoleReporter": "spec",
        "useInlineDiffs": false,
        "code": true
      },
      "version": "6.2.2"
    },
    "marge": {
      "options": {
        "id": "default",
        "reportDir": "cypress/reports/mocha",
        "quite": true,
        "overwrite": false,
        "html": false,
        "json": true
      },
      "version": "5.2.0"
    }
  }
}