{
  "stats": {
    "suites": 1,
    "tests": 4,
    "passes": 4,
    "pending": 0,
    "failures": 0,
    "start": "2021-09-01T09:02:22.508Z",
    "end": "2021-09-01T09:02:53.279Z",
    "duration": 30771,
    "testsRegistered": 4,
    "passPercent": 100,
    "pendingPercent": 0,
    "other": 0,
    "hasOther": false,
    "skipped": 0,
    "hasSkipped": false
  },
  "results": [
    {
      "uuid": "dca59e31-1436-4acf-a4a5-8cfb1cc6e6c9",
      "title": "",
      "fullFile": "cypress/integration/Login_test_spec.js",
      "file": "cypress/integration/Login_test_spec.js",
      "beforeHooks": [],
      "afterHooks": [],
      "tests": [],
      "suites": [
        {
          "uuid": "16b385b6-da8a-4d03-9c1f-f5a44e897cc8",
          "title": "Test Login ",
          "fullFile": "",
          "file": "",
          "beforeHooks": [],
          "afterHooks": [],
          "tests": [
            {
              "title": "VALID username and valid password",
              "fullTitle": "Test Login  VALID username and valid password",
              "timedOut": null,
              "duration": 16187,
              "state": "passed",
              "speed": "slow",
              "pass": true,
              "fail": false,
              "pending": false,
              "context": null,
              "code": "// => arrow function does not recognise this.data.username\n// custom command login                               // so use function()\ncy.login(data_1.username, data_1.password);\ncy.url().should('include', '/dashboard');",
              "err": {},
              "uuid": "2db6dd5d-9f39-46af-b670-9d4516fd3cf2",
              "parentUUID": "16b385b6-da8a-4d03-9c1f-f5a44e897cc8",
              "isHook": false,
              "skipped": false
            },
            {
              "title": "VALID username and invalid password",
              "fullTitle": "Test Login  VALID username and invalid password",
              "timedOut": null,
              "duration": 6665,
              "state": "passed",
              "speed": "slow",
              "pass": true,
              "fail": false,
              "pending": false,
              "context": null,
              "code": "cy.login(data_2.username, data_2.password);\ncy.get('input[value=\"LOGIN\"]').next('span').should('contains.text', 'Invalid credentials');",
              "err": {},
              "uuid": "1c767437-d1bc-4128-8b09-371e3c681977",
              "parentUUID": "16b385b6-da8a-4d03-9c1f-f5a44e897cc8",
              "isHook": false,
              "skipped": false
            },
            {
              "title": "INVALID username and valid password",
              "fullTitle": "Test Login  INVALID username and valid password",
              "timedOut": null,
              "duration": 2658,
              "state": "passed",
              "speed": "slow",
              "pass": true,
              "fail": false,
              "pending": false,
              "context": null,
              "code": "cy.login('Saurabh', 'admin123');\ncy.get('input[value=\"LOGIN\"]').next('span').should('contains.text', 'Invalid credentials');",
              "err": {},
              "uuid": "b9bd58f0-9df1-4ec0-9807-bb887efcfde1",
              "parentUUID": "16b385b6-da8a-4d03-9c1f-f5a44e897cc8",
              "isHook": false,
              "skipped": false
            },
            {
              "title": "INVALID username and invalid password",
              "fullTitle": "Test Login  INVALID username and invalid password",
              "timedOut": null,
              "duration": 2570,
              "state": "passed",
              "speed": "slow",
              "pass": true,
              "fail": false,
              "pending": false,
              "context": null,
              "code": "cy.login('Saurabh', 'admin1234');\ncy.get('input[value=\"LOGIN\"]').next('span').should('contains.text', 'Invalid credentials');",
              "err": {},
              "uuid": "fecd7c78-d9f9-44ff-b18f-01e9a0a3963d",
              "parentUUID": "16b385b6-da8a-4d03-9c1f-f5a44e897cc8",
              "isHook": false,
              "skipped": false
            }
          ],
          "suites": [],
          "passes": [
            "2db6dd5d-9f39-46af-b670-9d4516fd3cf2",
            "1c767437-d1bc-4128-8b09-371e3c681977",
            "b9bd58f0-9df1-4ec0-9807-bb887efcfde1",
            "fecd7c78-d9f9-44ff-b18f-01e9a0a3963d"
          ],
          "failures": [],
          "pending": [],
          "skipped": [],
          "duration": 28080,
          "root": false,
          "rootEmpty": false,
          "_timeout": 2000
        }
      ],
      "passes": [],
      "failures": [],
      "pending": [],
      "skipped": [],
      "duration": 0,
      "root": true,
      "rootEmpty": true,
      "_timeout": 2000
    }
  ],
  "meta": {
    "mocha": {
      "version": "7.0.1"
    },
    "mochawesome": {
      "options": {
        "quiet": false,
        "reportFilename": "mochawesome",
        "saveHtml": false,
        "saveJson": true,
        "consoleReporter": "spec",
        "useInlineDiffs": false,
        "code": true
      },
      "version": "6.2.2"
    },
    "marge": {
      "options": {
        "id": "default",
        "reportDir": "cypress/reports/mocha",
        "quite": true,
        "overwrite": false,
        "html": false,
        "json": true
      },
      "version": "5.2.0"
    }
  }
}