{
  "stats": {
    "suites": 1,
    "tests": 2,
    "passes": 1,
    "pending": 0,
    "failures": 1,
    "start": "2021-09-01T09:01:35.465Z",
    "end": "2021-09-01T09:02:16.080Z",
    "duration": 40615,
    "testsRegistered": 2,
    "passPercent": 50,
    "pendingPercent": 0,
    "other": 0,
    "hasOther": false,
    "skipped": 0,
    "hasSkipped": false
  },
  "results": [
    {
      "uuid": "d3a9664e-4d7f-4058-bc88-a98d226f7a73",
      "title": "",
      "fullFile": "cypress/integration/Leave_spec.js",
      "file": "cypress/integration/Leave_spec.js",
      "beforeHooks": [],
      "afterHooks": [],
      "tests": [],
      "suites": [
        {
          "uuid": "737cd569-eb7b-49bd-9f20-1ed8af21aa01",
          "title": "Test Leave tab",
          "fullFile": "",
          "file": "",
          "beforeHooks": [],
          "afterHooks": [],
          "tests": [
            {
              "title": "Select Engineering from drop down",
              "fullTitle": "Test Leave tab Select Engineering from drop down",
              "timedOut": null,
              "duration": 22977,
              "state": "passed",
              "speed": "slow",
              "pass": true,
              "fail": false,
              "pending": false,
              "context": null,
              "code": "// enter leave page\ncy.get('a[id=\"menu_leave_viewLeaveModule\"]').click();\ncy.get('input[id=\"calFromDate\"]').type(date.from);\ncy.get('input[id=\"calToDate\"]').type(date.to);\ncy.get('select[id=\"leaveList_cmbSubunit\"]').select('Engineering').should('have.value', '3');\ncy.get('#btnSearch').click();\ncy.get('#resultTable > tbody > tr > td').should('contains.text', 'No Records Found');",
              "err": {},
              "uuid": "faced08b-56f2-467c-b4c4-004c5e718e9d",
              "parentUUID": "737cd569-eb7b-49bd-9f20-1ed8af21aa01",
              "isHook": false,
              "skipped": false
            },
            {
              "title": "Select All from drop down",
              "fullTitle": "Test Leave tab Select All from drop down",
              "timedOut": null,
              "duration": 13130,
              "state": "failed",
              "speed": null,
              "pass": false,
              "fail": true,
              "pending": false,
              "context": null,
              "code": "cy.get('a[id=\"menu_leave_viewLeaveModule\"]').click();\ncy.get('input[id=\"calFromDate\"]').type('2021-01-01\\n');\ncy.get('input[id=\"calToDate\"]').type('2022-12-31\\n');\ncy.get('select[id=\"leaveList_cmbSubunit\"]').select('All').should('have.value', '0');\ncy.get('#btnSearch').click();\ncy.get('#resultTable > tbody > tr td:nth-child(4)').contains('4.00');\ncy.get('#resultTable > tbody > tr td:nth-child(8) > select').select('Approve').should('have.value', '89');",
              "err": {
                "message": "AssertionError: Timed out retrying after 4000ms: Expected to find element: `a[id=\"menu_leave_viewLeaveModule\"]`, but never found it.",
                "estack": "AssertionError: Timed out retrying after 4000ms: Expected to find element: `a[id=\"menu_leave_viewLeaveModule\"]`, but never found it.\n    at Context.eval (https://opensource-demo.orangehrmlive.com/__cypress/tests?p=cypress\\integration\\Leave_spec.js:125:8)",
                "diff": null
              },
              "uuid": "35911b79-db7b-4bb1-96d4-01d1ce21ea3f",
              "parentUUID": "737cd569-eb7b-49bd-9f20-1ed8af21aa01",
              "isHook": false,
              "skipped": false
            }
          ],
          "suites": [],
          "passes": [
            "faced08b-56f2-467c-b4c4-004c5e718e9d"
          ],
          "failures": [
            "35911b79-db7b-4bb1-96d4-01d1ce21ea3f"
          ],
          "pending": [],
          "skipped": [],
          "duration": 36107,
          "root": false,
          "rootEmpty": false,
          "_timeout": 2000
        }
      ],
      "passes": [],
      "failures": [],
      "pending": [],
      "skipped": [],
      "duration": 0,
      "root": true,
      "rootEmpty": true,
      "_timeout": 2000
    }
  ],
  "meta": {
    "mocha": {
      "version": "7.0.1"
    },
    "mochawesome": {
      "options": {
        "quiet": false,
        "reportFilename": "mochawesome",
        "saveHtml": false,
        "saveJson": true,
        "consoleReporter": "spec",
        "useInlineDiffs": false,
        "code": true
      },
      "version": "6.2.2"
    },
    "marge": {
      "options": {
        "id": "default",
        "reportDir": "cypress/reports/mocha",
        "quite": true,
        "overwrite": false,
        "html": false,
        "json": true
      },
      "version": "5.2.0"
    }
  }
}